<?xml version="1.0" encoding="UTF-8"?>
<!-- Generated by org.testng.reporters.JUnitReportReporter -->
<testsuite hostname="Lenovo" failures="0" tests="1" name="TestRunner.CucumberTestRunner" time="49.434" errors="0" timestamp="2024-01-19T16:52:36 IST" skipped="0">
  <testcase classname="TestRunner.CucumberTestRunner" name="runScenario" time="49.434"/>
</testsuite> <!-- TestRunner.CucumberTestRunner -->
