<?xml version="1.0" encoding="UTF-8"?>
<!-- Generated by org.testng.reporters.JUnitReportReporter -->
<testsuite hostname="Lenovo" failures="0" tests="2" name="TestRunner.CucumberTestRunnerForTags" time="0.557" errors="0" timestamp="2024-01-19T17:53:57 IST" skipped="0">
  <testcase classname="TestRunner.CucumberTestRunnerForTags" name="runScenario" time="0.495"/>
  <testcase classname="TestRunner.CucumberTestRunnerForTags" name="runScenario" time="0.062"/>
</testsuite> <!-- TestRunner.CucumberTestRunnerForTags -->
